<?xml version="1.0" encoding="UTF-8"?>
<robot generator="Robot 4.0.3 (Python 3.9.5 on win32)" generated="20210617 15:21:54.431" rpa="false" schemaversion="2">
<suite id="s1" name="Exercicios4" source="C:\Users\user\Desktop\AtividadePrime\PRIME-EXPERTS\tests\exercicios4.robot">
<test id="s1-t1" name="Cenario: Contar com FOR e IF">
<for flavor="IN RANGE">
<var>${num}</var>
<value>0</value>
<value>10</value>
<iter>
<var name="${num}">0</var>
<if>
<branch type="IF" condition="${num} == 5">
<kw name="Log To Console" library="BuiltIn">
<arg>\nEstou no número:${num} de 0 a 10</arg>
<doc>Logs the given message to the console.</doc>
<status status="NOT RUN" starttime="20210617 15:21:54.482" endtime="20210617 15:21:54.482"/>
</kw>
<status status="NOT RUN" starttime="20210617 15:21:54.482" endtime="20210617 15:21:54.482"/>
</branch>
<branch type="ELSE IF" condition="${num} == 8">
<kw name="Log To Console" library="BuiltIn">
<arg>\nEstou no número:${num} de 0 a 10</arg>
<doc>Logs the given message to the console.</doc>
<status status="NOT RUN" starttime="20210617 15:21:54.483" endtime="20210617 15:21:54.483"/>
</kw>
<status status="NOT RUN" starttime="20210617 15:21:54.482" endtime="20210617 15:21:54.483"/>
</branch>
<status status="PASS" starttime="20210617 15:21:54.480" endtime="20210617 15:21:54.483"/>
</if>
<status status="PASS" starttime="20210617 15:21:54.480" endtime="20210617 15:21:54.483"/>
</iter>
<iter>
<var name="${num}">1</var>
<if>
<branch type="IF" condition="${num} == 5">
<kw name="Log To Console" library="BuiltIn">
<arg>\nEstou no número:${num} de 0 a 10</arg>
<doc>Logs the given message to the console.</doc>
<status status="NOT RUN" starttime="20210617 15:21:54.483" endtime="20210617 15:21:54.483"/>
</kw>
<status status="NOT RUN" starttime="20210617 15:21:54.483" endtime="20210617 15:21:54.483"/>
</branch>
<branch type="ELSE IF" condition="${num} == 8">
<kw name="Log To Console" library="BuiltIn">
<arg>\nEstou no número:${num} de 0 a 10</arg>
<doc>Logs the given message to the console.</doc>
<status status="NOT RUN" starttime="20210617 15:21:54.484" endtime="20210617 15:21:54.484"/>
</kw>
<status status="NOT RUN" starttime="20210617 15:21:54.483" endtime="20210617 15:21:54.484"/>
</branch>
<status status="PASS" starttime="20210617 15:21:54.483" endtime="20210617 15:21:54.484"/>
</if>
<status status="PASS" starttime="20210617 15:21:54.483" endtime="20210617 15:21:54.484"/>
</iter>
<iter>
<var name="${num}">2</var>
<if>
<branch type="IF" condition="${num} == 5">
<kw name="Log To Console" library="BuiltIn">
<arg>\nEstou no número:${num} de 0 a 10</arg>
<doc>Logs the given message to the console.</doc>
<status status="NOT RUN" starttime="20210617 15:21:54.484" endtime="20210617 15:21:54.484"/>
</kw>
<status status="NOT RUN" starttime="20210617 15:21:54.484" endtime="20210617 15:21:54.484"/>
</branch>
<branch type="ELSE IF" condition="${num} == 8">
<kw name="Log To Console" library="BuiltIn">
<arg>\nEstou no número:${num} de 0 a 10</arg>
<doc>Logs the given message to the console.</doc>
<status status="NOT RUN" starttime="20210617 15:21:54.484" endtime="20210617 15:21:54.485"/>
</kw>
<status status="NOT RUN" starttime="20210617 15:21:54.484" endtime="20210617 15:21:54.485"/>
</branch>
<status status="PASS" starttime="20210617 15:21:54.484" endtime="20210617 15:21:54.485"/>
</if>
<status status="PASS" starttime="20210617 15:21:54.484" endtime="20210617 15:21:54.485"/>
</iter>
<iter>
<var name="${num}">3</var>
<if>
<branch type="IF" condition="${num} == 5">
<kw name="Log To Console" library="BuiltIn">
<arg>\nEstou no número:${num} de 0 a 10</arg>
<doc>Logs the given message to the console.</doc>
<status status="NOT RUN" starttime="20210617 15:21:54.485" endtime="20210617 15:21:54.485"/>
</kw>
<status status="NOT RUN" starttime="20210617 15:21:54.485" endtime="20210617 15:21:54.485"/>
</branch>
<branch type="ELSE IF" condition="${num} == 8">
<kw name="Log To Console" library="BuiltIn">
<arg>\nEstou no número:${num} de 0 a 10</arg>
<doc>Logs the given message to the console.</doc>
<status status="NOT RUN" starttime="20210617 15:21:54.486" endtime="20210617 15:21:54.486"/>
</kw>
<status status="NOT RUN" starttime="20210617 15:21:54.485" endtime="20210617 15:21:54.486"/>
</branch>
<status status="PASS" starttime="20210617 15:21:54.485" endtime="20210617 15:21:54.486"/>
</if>
<status status="PASS" starttime="20210617 15:21:54.485" endtime="20210617 15:21:54.486"/>
</iter>
<iter>
<var name="${num}">4</var>
<if>
<branch type="IF" condition="${num} == 5">
<kw name="Log To Console" library="BuiltIn">
<arg>\nEstou no número:${num} de 0 a 10</arg>
<doc>Logs the given message to the console.</doc>
<status status="NOT RUN" starttime="20210617 15:21:54.487" endtime="20210617 15:21:54.487"/>
</kw>
<status status="NOT RUN" starttime="20210617 15:21:54.487" endtime="20210617 15:21:54.487"/>
</branch>
<branch type="ELSE IF" condition="${num} == 8">
<kw name="Log To Console" library="BuiltIn">
<arg>\nEstou no número:${num} de 0 a 10</arg>
<doc>Logs the given message to the console.</doc>
<status status="NOT RUN" starttime="20210617 15:21:54.487" endtime="20210617 15:21:54.487"/>
</kw>
<status status="NOT RUN" starttime="20210617 15:21:54.487" endtime="20210617 15:21:54.487"/>
</branch>
<status status="PASS" starttime="20210617 15:21:54.486" endtime="20210617 15:21:54.487"/>
</if>
<status status="PASS" starttime="20210617 15:21:54.486" endtime="20210617 15:21:54.487"/>
</iter>
<iter>
<var name="${num}">5</var>
<if>
<branch type="IF" condition="${num} == 5">
<kw name="Log To Console" library="BuiltIn">
<arg>\nEstou no número:${num} de 0 a 10</arg>
<doc>Logs the given message to the console.</doc>
<status status="PASS" starttime="20210617 15:21:54.488" endtime="20210617 15:21:54.489"/>
</kw>
<status status="PASS" starttime="20210617 15:21:54.488" endtime="20210617 15:21:54.489"/>
</branch>
<branch type="ELSE IF" condition="${num} == 8">
<kw name="Log To Console" library="BuiltIn">
<arg>\nEstou no número:${num} de 0 a 10</arg>
<doc>Logs the given message to the console.</doc>
<status status="NOT RUN" starttime="20210617 15:21:54.490" endtime="20210617 15:21:54.490"/>
</kw>
<status status="NOT RUN" starttime="20210617 15:21:54.489" endtime="20210617 15:21:54.490"/>
</branch>
<status status="PASS" starttime="20210617 15:21:54.488" endtime="20210617 15:21:54.490"/>
</if>
<status status="PASS" starttime="20210617 15:21:54.488" endtime="20210617 15:21:54.490"/>
</iter>
<iter>
<var name="${num}">6</var>
<if>
<branch type="IF" condition="${num} == 5">
<kw name="Log To Console" library="BuiltIn">
<arg>\nEstou no número:${num} de 0 a 10</arg>
<doc>Logs the given message to the console.</doc>
<status status="NOT RUN" starttime="20210617 15:21:54.491" endtime="20210617 15:21:54.491"/>
</kw>
<status status="NOT RUN" starttime="20210617 15:21:54.491" endtime="20210617 15:21:54.491"/>
</branch>
<branch type="ELSE IF" condition="${num} == 8">
<kw name="Log To Console" library="BuiltIn">
<arg>\nEstou no número:${num} de 0 a 10</arg>
<doc>Logs the given message to the console.</doc>
<status status="NOT RUN" starttime="20210617 15:21:54.491" endtime="20210617 15:21:54.491"/>
</kw>
<status status="NOT RUN" starttime="20210617 15:21:54.491" endtime="20210617 15:21:54.491"/>
</branch>
<status status="PASS" starttime="20210617 15:21:54.490" endtime="20210617 15:21:54.491"/>
</if>
<status status="PASS" starttime="20210617 15:21:54.490" endtime="20210617 15:21:54.491"/>
</iter>
<iter>
<var name="${num}">7</var>
<if>
<branch type="IF" condition="${num} == 5">
<kw name="Log To Console" library="BuiltIn">
<arg>\nEstou no número:${num} de 0 a 10</arg>
<doc>Logs the given message to the console.</doc>
<status status="NOT RUN" starttime="20210617 15:21:54.492" endtime="20210617 15:21:54.492"/>
</kw>
<status status="NOT RUN" starttime="20210617 15:21:54.492" endtime="20210617 15:21:54.492"/>
</branch>
<branch type="ELSE IF" condition="${num} == 8">
<kw name="Log To Console" library="BuiltIn">
<arg>\nEstou no número:${num} de 0 a 10</arg>
<doc>Logs the given message to the console.</doc>
<status status="NOT RUN" starttime="20210617 15:21:54.492" endtime="20210617 15:21:54.492"/>
</kw>
<status status="NOT RUN" starttime="20210617 15:21:54.492" endtime="20210617 15:21:54.492"/>
</branch>
<status status="PASS" starttime="20210617 15:21:54.492" endtime="20210617 15:21:54.493"/>
</if>
<status status="PASS" starttime="20210617 15:21:54.492" endtime="20210617 15:21:54.493"/>
</iter>
<iter>
<var name="${num}">8</var>
<if>
<branch type="IF" condition="${num} == 5">
<kw name="Log To Console" library="BuiltIn">
<arg>\nEstou no número:${num} de 0 a 10</arg>
<doc>Logs the given message to the console.</doc>
<status status="NOT RUN" starttime="20210617 15:21:54.494" endtime="20210617 15:21:54.494"/>
</kw>
<status status="NOT RUN" starttime="20210617 15:21:54.493" endtime="20210617 15:21:54.494"/>
</branch>
<branch type="ELSE IF" condition="${num} == 8">
<kw name="Log To Console" library="BuiltIn">
<arg>\nEstou no número:${num} de 0 a 10</arg>
<doc>Logs the given message to the console.</doc>
<status status="PASS" starttime="20210617 15:21:54.495" endtime="20210617 15:21:54.496"/>
</kw>
<status status="PASS" starttime="20210617 15:21:54.495" endtime="20210617 15:21:54.496"/>
</branch>
<status status="PASS" starttime="20210617 15:21:54.493" endtime="20210617 15:21:54.496"/>
</if>
<status status="PASS" starttime="20210617 15:21:54.493" endtime="20210617 15:21:54.496"/>
</iter>
<iter>
<var name="${num}">9</var>
<if>
<branch type="IF" condition="${num} == 5">
<kw name="Log To Console" library="BuiltIn">
<arg>\nEstou no número:${num} de 0 a 10</arg>
<doc>Logs the given message to the console.</doc>
<status status="NOT RUN" starttime="20210617 15:21:54.497" endtime="20210617 15:21:54.497"/>
</kw>
<status status="NOT RUN" starttime="20210617 15:21:54.497" endtime="20210617 15:21:54.497"/>
</branch>
<branch type="ELSE IF" condition="${num} == 8">
<kw name="Log To Console" library="BuiltIn">
<arg>\nEstou no número:${num} de 0 a 10</arg>
<doc>Logs the given message to the console.</doc>
<status status="NOT RUN" starttime="20210617 15:21:54.497" endtime="20210617 15:21:54.497"/>
</kw>
<status status="NOT RUN" starttime="20210617 15:21:54.497" endtime="20210617 15:21:54.497"/>
</branch>
<status status="PASS" starttime="20210617 15:21:54.496" endtime="20210617 15:21:54.497"/>
</if>
<status status="PASS" starttime="20210617 15:21:54.496" endtime="20210617 15:21:54.497"/>
</iter>
<status status="PASS" starttime="20210617 15:21:54.480" endtime="20210617 15:21:54.497"/>
</for>
<tag>COUNTIF</tag>
<status status="PASS" starttime="20210617 15:21:54.478" endtime="20210617 15:21:54.498"/>
</test>
<test id="s1-t2" name="Cenario: Contar de 0 a 10">
<for flavor="IN RANGE">
<var>${count}</var>
<value>0</value>
<value>11</value>
<iter>
<var name="${count}">0</var>
<kw name="Log To Console" library="BuiltIn">
<arg>\nEstou no numero: ${count}</arg>
<doc>Logs the given message to the console.</doc>
<status status="PASS" starttime="20210617 15:21:54.500" endtime="20210617 15:21:54.501"/>
</kw>
<status status="PASS" starttime="20210617 15:21:54.500" endtime="20210617 15:21:54.501"/>
</iter>
<iter>
<var name="${count}">1</var>
<kw name="Log To Console" library="BuiltIn">
<arg>\nEstou no numero: ${count}</arg>
<doc>Logs the given message to the console.</doc>
<status status="PASS" starttime="20210617 15:21:54.502" endtime="20210617 15:21:54.502"/>
</kw>
<status status="PASS" starttime="20210617 15:21:54.501" endtime="20210617 15:21:54.502"/>
</iter>
<iter>
<var name="${count}">2</var>
<kw name="Log To Console" library="BuiltIn">
<arg>\nEstou no numero: ${count}</arg>
<doc>Logs the given message to the console.</doc>
<status status="PASS" starttime="20210617 15:21:54.503" endtime="20210617 15:21:54.504"/>
</kw>
<status status="PASS" starttime="20210617 15:21:54.503" endtime="20210617 15:21:54.504"/>
</iter>
<iter>
<var name="${count}">3</var>
<kw name="Log To Console" library="BuiltIn">
<arg>\nEstou no numero: ${count}</arg>
<doc>Logs the given message to the console.</doc>
<status status="PASS" starttime="20210617 15:21:54.504" endtime="20210617 15:21:54.505"/>
</kw>
<status status="PASS" starttime="20210617 15:21:54.504" endtime="20210617 15:21:54.505"/>
</iter>
<iter>
<var name="${count}">4</var>
<kw name="Log To Console" library="BuiltIn">
<arg>\nEstou no numero: ${count}</arg>
<doc>Logs the given message to the console.</doc>
<status status="PASS" starttime="20210617 15:21:54.505" endtime="20210617 15:21:54.507"/>
</kw>
<status status="PASS" starttime="20210617 15:21:54.505" endtime="20210617 15:21:54.507"/>
</iter>
<iter>
<var name="${count}">5</var>
<kw name="Log To Console" library="BuiltIn">
<arg>\nEstou no numero: ${count}</arg>
<doc>Logs the given message to the console.</doc>
<status status="PASS" starttime="20210617 15:21:54.508" endtime="20210617 15:21:54.509"/>
</kw>
<status status="PASS" starttime="20210617 15:21:54.507" endtime="20210617 15:21:54.509"/>
</iter>
<iter>
<var name="${count}">6</var>
<kw name="Log To Console" library="BuiltIn">
<arg>\nEstou no numero: ${count}</arg>
<doc>Logs the given message to the console.</doc>
<status status="PASS" starttime="20210617 15:21:54.509" endtime="20210617 15:21:54.511"/>
</kw>
<status status="PASS" starttime="20210617 15:21:54.509" endtime="20210617 15:21:54.511"/>
</iter>
<iter>
<var name="${count}">7</var>
<kw name="Log To Console" library="BuiltIn">
<arg>\nEstou no numero: ${count}</arg>
<doc>Logs the given message to the console.</doc>
<status status="PASS" starttime="20210617 15:21:54.511" endtime="20210617 15:21:54.512"/>
</kw>
<status status="PASS" starttime="20210617 15:21:54.511" endtime="20210617 15:21:54.512"/>
</iter>
<iter>
<var name="${count}">8</var>
<kw name="Log To Console" library="BuiltIn">
<arg>\nEstou no numero: ${count}</arg>
<doc>Logs the given message to the console.</doc>
<status status="PASS" starttime="20210617 15:21:54.513" endtime="20210617 15:21:54.515"/>
</kw>
<status status="PASS" starttime="20210617 15:21:54.513" endtime="20210617 15:21:54.515"/>
</iter>
<iter>
<var name="${count}">9</var>
<kw name="Log To Console" library="BuiltIn">
<arg>\nEstou no numero: ${count}</arg>
<doc>Logs the given message to the console.</doc>
<status status="PASS" starttime="20210617 15:21:54.516" endtime="20210617 15:21:54.517"/>
</kw>
<status status="PASS" starttime="20210617 15:21:54.515" endtime="20210617 15:21:54.517"/>
</iter>
<iter>
<var name="${count}">10</var>
<kw name="Log To Console" library="BuiltIn">
<arg>\nEstou no numero: ${count}</arg>
<doc>Logs the given message to the console.</doc>
<status status="PASS" starttime="20210617 15:21:54.517" endtime="20210617 15:21:54.518"/>
</kw>
<status status="PASS" starttime="20210617 15:21:54.517" endtime="20210617 15:21:54.518"/>
</iter>
<status status="PASS" starttime="20210617 15:21:54.500" endtime="20210617 15:21:54.518"/>
</for>
<status status="PASS" starttime="20210617 15:21:54.499" endtime="20210617 15:21:54.519"/>
</test>
<test id="s1-t3" name="Cenario: Imprimir nome de paises">
<kw name="Create List" library="BuiltIn">
<var>@{PAISES}</var>
<arg>Brasil</arg>
<arg>Japão</arg>
<arg>India</arg>
<arg>EUA</arg>
<doc>Returns a list containing given items.</doc>
<msg timestamp="20210617 15:21:54.521" level="INFO">@{PAISES} = [ Brasil | Japão | India | EUA ]</msg>
<status status="PASS" starttime="20210617 15:21:54.521" endtime="20210617 15:21:54.521"/>
</kw>
<for flavor="IN">
<var>${pais}</var>
<value>@{PAISES}</value>
<iter>
<var name="${pais}">Brasil</var>
<kw name="Log To Console" library="BuiltIn">
<arg>\nEstou no seguinte país:${pais}</arg>
<doc>Logs the given message to the console.</doc>
<status status="PASS" starttime="20210617 15:21:54.522" endtime="20210617 15:21:54.523"/>
</kw>
<status status="PASS" starttime="20210617 15:21:54.522" endtime="20210617 15:21:54.524"/>
</iter>
<iter>
<var name="${pais}">Japão</var>
<kw name="Log To Console" library="BuiltIn">
<arg>\nEstou no seguinte país:${pais}</arg>
<doc>Logs the given message to the console.</doc>
<status status="PASS" starttime="20210617 15:21:54.524" endtime="20210617 15:21:54.526"/>
</kw>
<status status="PASS" starttime="20210617 15:21:54.524" endtime="20210617 15:21:54.526"/>
</iter>
<iter>
<var name="${pais}">India</var>
<kw name="Log To Console" library="BuiltIn">
<arg>\nEstou no seguinte país:${pais}</arg>
<doc>Logs the given message to the console.</doc>
<status status="PASS" starttime="20210617 15:21:54.527" endtime="20210617 15:21:54.527"/>
</kw>
<status status="PASS" starttime="20210617 15:21:54.526" endtime="20210617 15:21:54.527"/>
</iter>
<iter>
<var name="${pais}">EUA</var>
<kw name="Log To Console" library="BuiltIn">
<arg>\nEstou no seguinte país:${pais}</arg>
<doc>Logs the given message to the console.</doc>
<status status="PASS" starttime="20210617 15:21:54.528" endtime="20210617 15:21:54.529"/>
</kw>
<status status="PASS" starttime="20210617 15:21:54.528" endtime="20210617 15:21:54.529"/>
</iter>
<status status="PASS" starttime="20210617 15:21:54.521" endtime="20210617 15:21:54.529"/>
</for>
<status status="PASS" starttime="20210617 15:21:54.520" endtime="20210617 15:21:54.529"/>
</test>
<status status="PASS" starttime="20210617 15:21:54.431" endtime="20210617 15:21:54.533"/>
</suite>
<statistics>
<total>
<stat pass="3" fail="0" skip="0">All Tests</stat>
</total>
<tag>
<stat pass="1" fail="0" skip="0">COUNTIF</stat>
</tag>
<suite>
<stat pass="3" fail="0" skip="0" id="s1" name="Exercicios4">Exercicios4</stat>
</suite>
</statistics>
<errors>
</errors>
</robot>
